<?xml version="1.0" encoding="UTF-8"?>
<!-- Generated by org.testng.reporters.JUnitReportReporter -->
<testsuite hostname="LPCL-VPG033XXZ" failures="0" tests="1" name="essPackage.LogInClass" time="19.291" errors="0" timestamp="2025-08-18T12:03:32 GMT+05:30" skipped="0">
  <testcase classname="essPackage.LogInClass" name="login" time="19.291"/>
</testsuite> <!-- essPackage.LogInClass -->
